/var/spool/slurm/d/job22750324/slurm_script: line 21: path: No such file or directory
/var/spool/slurm/d/job22750324/slurm_script: line 26: cd: tgv: No such file or directory

N E K O build tool, Version 0.6.1
(build: 2024-03-03 on x86_64-pc-linux-gnu using intel)

Building user NEKO ...ifort: error #10236: File not found:  '.f90'
usr_driver.f90(3): error #7002: Error in opening the compiled module file.  Check INCLUDE paths.   [USER]
  use user
------^
compilation aborted for usr_driver.f90 (code 1)
[proxy:0:1@r358.ib.bridges2.psc.edu] HYD_spawn (../../../../../src/pm/i_hydra/libhydra/spawn/intel/hydra_spawn.c:152): execvp error on file ./neko (No such file or directory)
[proxy:0:1@r358.ib.bridges2.psc.edu] HYD_spawn (../../../../../src/pm/i_hydra/libhydra/spawn/intel/hydra_spawn.c:152): execvp error on file ./neko (No such file or directory)
[proxy:0:1@r358.ib.bridges2.psc.edu] HYD_spawn (../../../../../src/pm/i_hydra/libhydra/spawn/intel/hydra_spawn.c:152): execvp error on file ./neko (No such file or directory)
[proxy:0:1@r358.ib.bridges2.psc.edu] HYD_spawn (../../../../../src/pm/i_hydra/libhydra/spawn/intel/hydra_spawn.c:152): execvp error on file ./neko (No such file or directory)
[proxy:0:1@r358.ib.bridges2.psc.edu] HYD_spawn (../../../../../src/pm/i_hydra/libhydra/spawn/intel/hydra_spawn.c:152): execvp error on file ./neko (No such file or directory)
[proxy:0:1@r358.ib.bridges2.psc.edu] HYD_spawn (../../../../../src/pm/i_hydra/libhydra/spawn/intel/hydra_spawn.c:152): execvp error on file ./neko (No such file or directory)
[proxy:0:1@r358.ib.bridges2.psc.edu] HYD_spawn (../../../../../src/pm/i_hydra/libhydra/spawn/intel/hydra_spawn.c:152): execvp error on file ./neko (No such file or directory)
[proxy:0:1@r358.ib.bridges2.psc.edu] HYD_spawn (../../../../../src/pm/i_hydra/libhydra/spawn/intel/hydra_spawn.c:152): execvp error on file ./neko (No such file or directory)
[proxy:0:1@r358.ib.bridges2.psc.edu] HYD_spawn (../../../../../src/pm/i_hydra/libhydra/spawn/intel/hydra_spawn.c:152): execvp error on file ./neko (No such file or directory)
[proxy:0:1@r358.ib.bridges2.psc.edu] HYD_spawn (../../../../../src/pm/i_hydra/libhydra/spawn/intel/hydra_spawn.c:152): execvp error on file ./neko (No such file or directory)
[proxy:0:1@r358.ib.bridges2.psc.edu] HYD_spawn (../../../../../src/pm/i_hydra/libhydra/spawn/intel/hydra_spawn.c:152): execvp error on file ./neko (No such file or directory)
[proxy:0:1@r358.ib.bridges2.psc.edu] HYD_spawn (../../../../../src/pm/i_hydra/libhydra/spawn/intel/hydra_spawn.c:152): execvp error on file ./neko (No such file or directory)
[proxy:0:1@r358.ib.bridges2.psc.edu] HYD_spawn (../../../../../src/pm/i_hydra/libhydra/spawn/intel/hydra_spawn.c:152): execvp error on file ./neko (No such file or directory)
[proxy:0:1@r358.ib.bridges2.psc.edu] HYD_spawn (../../../../../src/pm/i_hydra/libhydra/spawn/intel/hydra_spawn.c:152): execvp error on file ./neko (No such file or directory)
[proxy:0:1@r358.ib.bridges2.psc.edu] HYD_spawn (../../../../../src/pm/i_hydra/libhydra/spawn/intel/hydra_spawn.c:152): execvp error on file ./neko (No such file or directory)
[proxy:0:1@r358.ib.bridges2.psc.edu] HYD_spawn (../../../../../src/pm/i_hydra/libhydra/spawn/intel/hydra_spawn.c:152): execvp error on file ./neko (No such file or directory)
[proxy:0:1@r358.ib.bridges2.psc.edu] HYD_spawn (../../../../../src/pm/i_hydra/libhydra/spawn/intel/hydra_spawn.c:152): execvp error on file ./neko (No such file or directory)
[proxy:0:1@r358.ib.bridges2.psc.edu] HYD_spawn (../../../../../src/pm/i_hydra/libhydra/spawn/intel/hydra_spawn.c:152): execvp error on file ./neko (No such file or directory)
[proxy:0:1@r358.ib.bridges2.psc.edu] HYD_spawn (../../../../../src/pm/i_hydra/libhydra/spawn/intel/hydra_spawn.c:152): execvp error on file ./neko (No such file or directory)
[proxy:0:1@r358.ib.bridges2.psc.edu] HYD_spawn (../../../../../src/pm/i_hydra/libhydra/spawn/intel/hydra_spawn.c:152): execvp error on file ./neko (No such file or directory)
[proxy:0:1@r358.ib.bridges2.psc.edu] HYD_spawn (../../../../../src/pm/i_hydra/libhydra/spawn/intel/hydra_spawn.c:152): execvp error on file ./neko (No such file or directory)
[proxy:0:1@r358.ib.bridges2.psc.edu] HYD_spawn (../../../../../src/pm/i_hydra/libhydra/spawn/intel/hydra_spawn.c:152): execvp error on file ./neko (No such file or directory)
[proxy:0:1@r358.ib.bridges2.psc.edu] HYD_spawn (../../../../../src/pm/i_hydra/libhydra/spawn/intel/hydra_spawn.c:152): execvp error on file ./neko (No such file or directory)
[proxy:0:1@r358.ib.bridges2.psc.edu] HYD_spawn (../../../../../src/pm/i_hydra/libhydra/spawn/intel/hydra_spawn.c:152): execvp error on file ./neko (No such file or directory)
[proxy:0:1@r358.ib.bridges2.psc.edu] HYD_spawn (../../../../../src/pm/i_hydra/libhydra/spawn/intel/hydra_spawn.c:152): execvp error on file ./neko (No such file or directory)
[proxy:0:1@r358.ib.bridges2.psc.edu] HYD_spawn (../../../../../src/pm/i_hydra/libhydra/spawn/intel/hydra_spawn.c:152): execvp error on file ./neko (No such file or directory)
[proxy:0:1@r358.ib.bridges2.psc.edu] HYD_spawn (../../../../../src/pm/i_hydra/libhydra/spawn/intel/hydra_spawn.c:152): execvp error on file ./neko (No such file or directory)
[proxy:0:1@r358.ib.bridges2.psc.edu] HYD_spawn (../../../../../src/pm/i_hydra/libhydra/spawn/intel/hydra_spawn.c:152): execvp error on file ./neko (No such file or directory)
[proxy:0:1@r358.ib.bridges2.psc.edu] HYD_spawn (../../../../../src/pm/i_hydra/libhydra/spawn/intel/hydra_spawn.c:152): execvp error on file ./neko (No such file or directory)
[proxy:0:1@r358.ib.bridges2.psc.edu] HYD_spawn (../../../../../src/pm/i_hydra/libhydra/spawn/intel/hydra_spawn.c:152): execvp error on file ./neko (No such file or directory)
[proxy:0:1@r358.ib.bridges2.psc.edu] HYD_spawn (../../../../../src/pm/i_hydra/libhydra/spawn/intel/hydra_spawn.c:152): execvp error on file ./neko (No such file or directory)
[proxy:0:1@r358.ib.bridges2.psc.edu] HYD_spawn (../../../../../src/pm/i_hydra/libhydra/spawn/intel/hydra_spawn.c:152): execvp error on file ./neko (No such file or directory)
[proxy:0:1@r358.ib.bridges2.psc.edu] HYD_spawn (../../../../../src/pm/i_hydra/libhydra/spawn/intel/hydra_spawn.c:152): execvp error on file ./neko (No such file or directory)
[proxy:0:1@r358.ib.bridges2.psc.edu] HYD_spawn (../../../../../src/pm/i_hydra/libhydra/spawn/intel/hydra_spawn.c:152): execvp error on file ./neko (No such file or directory)
[proxy:0:1@r358.ib.bridges2.psc.edu] HYD_spawn (../../../../../src/pm/i_hydra/libhydra/spawn/intel/hydra_spawn.c:152): execvp error on file ./neko (No such file or directory)
[proxy:0:1@r358.ib.bridges2.psc.edu] HYD_spawn (../../../../../src/pm/i_hydra/libhydra/spawn/intel/hydra_spawn.c:152): execvp error on file ./neko (No such file or directory)
[proxy:0:1@r358.ib.bridges2.psc.edu] HYD_spawn (../../../../../src/pm/i_hydra/libhydra/spawn/intel/hydra_spawn.c:152): execvp error on file ./neko (No such file or directory)
[proxy:0:1@r358.ib.bridges2.psc.edu] HYD_spawn (../../../../../src/pm/i_hydra/libhydra/spawn/intel/hydra_spawn.c:152): execvp error on file ./neko (No such file or directory)
[proxy:0:1@r358.ib.bridges2.psc.edu] HYD_spawn (../../../../../src/pm/i_hydra/libhydra/spawn/intel/hydra_spawn.c:152): execvp error on file ./neko (No such file or directory)
[proxy:0:1@r358.ib.bridges2.psc.edu] HYD_spawn (../../../../../src/pm/i_hydra/libhydra/spawn/intel/hydra_spawn.c:152): execvp error on file ./neko (No such file or directory)
[proxy:0:1@r358.ib.bridges2.psc.edu] HYD_spawn (../../../../../src/pm/i_hydra/libhydra/spawn/intel/hydra_spawn.c:152): execvp error on file ./neko (No such file or directory)
[proxy:0:1@r358.ib.bridges2.psc.edu] HYD_spawn (../../../../../src/pm/i_hydra/libhydra/spawn/intel/hydra_spawn.c:152): execvp error on file ./neko (No such file or directory)
[proxy:0:1@r358.ib.bridges2.psc.edu] HYD_spawn (../../../../../src/pm/i_hydra/libhydra/spawn/intel/hydra_spawn.c:152): execvp error on file ./neko (No such file or directory)
[proxy:0:1@r358.ib.bridges2.psc.edu] HYD_spawn (../../../../../src/pm/i_hydra/libhydra/spawn/intel/hydra_spawn.c:152): execvp error on file ./neko (No such file or directory)
[proxy:0:1@r358.ib.bridges2.psc.edu] HYD_spawn (../../../../../src/pm/i_hydra/libhydra/spawn/intel/hydra_spawn.c:152): execvp error on file ./neko (No such file or directory)
[proxy:0:1@r358.ib.bridges2.psc.edu] HYD_spawn (../../../../../src/pm/i_hydra/libhydra/spawn/intel/hydra_spawn.c:152): execvp error on file ./neko (No such file or directory)
[proxy:0:1@r358.ib.bridges2.psc.edu] HYD_spawn (../../../../../src/pm/i_hydra/libhydra/spawn/intel/hydra_spawn.c:152): execvp error on file ./neko (No such file or directory)
[proxy:0:1@r358.ib.bridges2.psc.edu] HYD_spawn (../../../../../src/pm/i_hydra/libhydra/spawn/intel/hydra_spawn.c:152): execvp error on file ./neko (No such file or directory)
[proxy:0:1@r358.ib.bridges2.psc.edu] HYD_spawn (../../../../../src/pm/i_hydra/libhydra/spawn/intel/hydra_spawn.c:152): execvp error on file ./neko (No such file or directory)
[proxy:0:1@r358.ib.bridges2.psc.edu] HYD_spawn (../../../../../src/pm/i_hydra/libhydra/spawn/intel/hydra_spawn.c:152): execvp error on file ./neko (No such file or directory)
[proxy:0:1@r358.ib.bridges2.psc.edu] HYD_spawn (../../../../../src/pm/i_hydra/libhydra/spawn/intel/hydra_spawn.c:152): execvp error on file ./neko (No such file or directory)
[proxy:0:1@r358.ib.bridges2.psc.edu] HYD_spawn (../../../../../src/pm/i_hydra/libhydra/spawn/intel/hydra_spawn.c:152): execvp error on file ./neko (No such file or directory)
[proxy:0:1@r358.ib.bridges2.psc.edu] HYD_spawn (../../../../../src/pm/i_hydra/libhydra/spawn/intel/hydra_spawn.c:152): execvp error on file ./neko (No such file or directory)
[proxy:0:1@r358.ib.bridges2.psc.edu] HYD_spawn (../../../../../src/pm/i_hydra/libhydra/spawn/intel/hydra_spawn.c:152): execvp error on file ./neko (No such file or directory)
[proxy:0:1@r358.ib.bridges2.psc.edu] HYD_spawn (../../../../../src/pm/i_hydra/libhydra/spawn/intel/hydra_spawn.c:152): execvp error on file ./neko (No such file or directory)
[proxy:0:1@r358.ib.bridges2.psc.edu] HYD_spawn (../../../../../src/pm/i_hydra/libhydra/spawn/intel/hydra_spawn.c:152): execvp error on file ./neko (No such file or directory)
[proxy:0:1@r358.ib.bridges2.psc.edu] HYD_spawn (../../../../../src/pm/i_hydra/libhydra/spawn/intel/hydra_spawn.c:152): execvp error on file ./neko (No such file or directory)
[proxy:0:1@r358.ib.bridges2.psc.edu] HYD_spawn (../../../../../src/pm/i_hydra/libhydra/spawn/intel/hydra_spawn.c:152): execvp error on file ./neko (No such file or directory)
[proxy:0:1@r358.ib.bridges2.psc.edu] HYD_spawn (../../../../../src/pm/i_hydra/libhydra/spawn/intel/hydra_spawn.c:152): execvp error on file ./neko (No such file or directory)
[proxy:0:1@r358.ib.bridges2.psc.edu] HYD_spawn (../../../../../src/pm/i_hydra/libhydra/spawn/intel/hydra_spawn.c:152): execvp error on file ./neko (No such file or directory)
[proxy:0:1@r358.ib.bridges2.psc.edu] HYD_spawn (../../../../../src/pm/i_hydra/libhydra/spawn/intel/hydra_spawn.c:152): execvp error on file ./neko (No such file or directory)
[proxy:0:1@r358.ib.bridges2.psc.edu] HYD_spawn (../../../../../src/pm/i_hydra/libhydra/spawn/intel/hydra_spawn.c:152): execvp error on file ./neko (No such file or directory)
[proxy:0:1@r358.ib.bridges2.psc.edu] HYD_spawn (../../../../../src/pm/i_hydra/libhydra/spawn/intel/hydra_spawn.c:152): execvp error on file ./neko (No such file or directory)
[proxy:0:1@r358.ib.bridges2.psc.edu] HYD_spawn (../../../../../src/pm/i_hydra/libhydra/spawn/intel/hydra_spawn.c:152): execvp error on file ./neko (No such file or directory)
[proxy:0:1@r358.ib.bridges2.psc.edu] HYD_spawn (../../../../../src/pm/i_hydra/libhydra/spawn/intel/hydra_spawn.c:152): execvp error on file ./neko (No such file or directory)
[proxy:0:1@r358.ib.bridges2.psc.edu] HYD_spawn (../../../../../src/pm/i_hydra/libhydra/spawn/intel/hydra_spawn.c:152): execvp error on file ./neko (No such file or directory)
[proxy:0:1@r358.ib.bridges2.psc.edu] HYD_spawn (../../../../../src/pm/i_hydra/libhydra/spawn/intel/hydra_spawn.c:152): execvp error on file ./neko (No such file or directory)
[proxy:0:1@r358.ib.bridges2.psc.edu] HYD_spawn (../../../../../src/pm/i_hydra/libhydra/spawn/intel/hydra_spawn.c:152): execvp error on file ./neko (No such file or directory)
[proxy:0:1@r358.ib.bridges2.psc.edu] HYD_spawn (../../../../../src/pm/i_hydra/libhydra/spawn/intel/hydra_spawn.c:152): execvp error on file ./neko (No such file or directory)
[proxy:0:1@r358.ib.bridges2.psc.edu] HYD_spawn (../../../../../src/pm/i_hydra/libhydra/spawn/intel/hydra_spawn.c:152): execvp error on file ./neko (No such file or directory)
[proxy:0:1@r358.ib.bridges2.psc.edu] HYD_spawn (../../../../../src/pm/i_hydra/libhydra/spawn/intel/hydra_spawn.c:152): execvp error on file ./neko (No such file or directory)
[proxy:0:1@r358.ib.bridges2.psc.edu] HYD_spawn (../../../../../src/pm/i_hydra/libhydra/spawn/intel/hydra_spawn.c:152): execvp error on file ./neko (No such file or directory)
[proxy:0:1@r358.ib.bridges2.psc.edu] HYD_spawn (../../../../../src/pm/i_hydra/libhydra/spawn/intel/hydra_spawn.c:152): execvp error on file ./neko (No such file or directory)
[proxy:0:1@r358.ib.bridges2.psc.edu] HYD_spawn (../../../../../src/pm/i_hydra/libhydra/spawn/intel/hydra_spawn.c:152): execvp error on file ./neko (No such file or directory)
[proxy:0:1@r358.ib.bridges2.psc.edu] HYD_spawn (../../../../../src/pm/i_hydra/libhydra/spawn/intel/hydra_spawn.c:152): execvp error on file ./neko (No such file or directory)
[proxy:0:1@r358.ib.bridges2.psc.edu] HYD_spawn (../../../../../src/pm/i_hydra/libhydra/spawn/intel/hydra_spawn.c:152): execvp error on file ./neko (No such file or directory)
[proxy:0:1@r358.ib.bridges2.psc.edu] HYD_spawn (../../../../../src/pm/i_hydra/libhydra/spawn/intel/hydra_spawn.c:152): execvp error on file ./neko (No such file or directory)
[proxy:0:1@r358.ib.bridges2.psc.edu] HYD_spawn (../../../../../src/pm/i_hydra/libhydra/spawn/intel/hydra_spawn.c:152): execvp error on file ./neko (No such file or directory)
[proxy:0:1@r358.ib.bridges2.psc.edu] HYD_spawn (../../../../../src/pm/i_hydra/libhydra/spawn/intel/hydra_spawn.c:152): execvp error on file ./neko (No such file or directory)
[proxy:0:1@r358.ib.bridges2.psc.edu] HYD_spawn (../../../../../src/pm/i_hydra/libhydra/spawn/intel/hydra_spawn.c:152): execvp error on file ./neko (No such file or directory)
[proxy:0:1@r358.ib.bridges2.psc.edu] HYD_spawn (../../../../../src/pm/i_hydra/libhydra/spawn/intel/hydra_spawn.c:152): execvp error on file ./neko (No such file or directory)
[proxy:0:1@r358.ib.bridges2.psc.edu] HYD_spawn (../../../../../src/pm/i_hydra/libhydra/spawn/intel/hydra_spawn.c:152): execvp error on file ./neko (No such file or directory)
[proxy:0:1@r358.ib.bridges2.psc.edu] HYD_spawn (../../../../../src/pm/i_hydra/libhydra/spawn/intel/hydra_spawn.c:152): execvp error on file ./neko (No such file or directory)
[proxy:0:1@r358.ib.bridges2.psc.edu] HYD_spawn (../../../../../src/pm/i_hydra/libhydra/spawn/intel/hydra_spawn.c:152): execvp error on file ./neko (No such file or directory)
[proxy:0:1@r358.ib.bridges2.psc.edu] HYD_spawn (../../../../../src/pm/i_hydra/libhydra/spawn/intel/hydra_spawn.c:152): execvp error on file ./neko (No such file or directory)
[proxy:0:1@r358.ib.bridges2.psc.edu] HYD_spawn (../../../../../src/pm/i_hydra/libhydra/spawn/intel/hydra_spawn.c:152): execvp error on file ./neko (No such file or directory)
[proxy:0:1@r358.ib.bridges2.psc.edu] HYD_spawn (../../../../../src/pm/i_hydra/libhydra/spawn/intel/hydra_spawn.c:152): execvp error on file ./neko (No such file or directory)
[proxy:0:1@r358.ib.bridges2.psc.edu] HYD_spawn (../../../../../src/pm/i_hydra/libhydra/spawn/intel/hydra_spawn.c:152): execvp error on file ./neko (No such file or directory)
[proxy:0:1@r358.ib.bridges2.psc.edu] HYD_spawn (../../../../../src/pm/i_hydra/libhydra/spawn/intel/hydra_spawn.c:152): execvp error on file ./neko (No such file or directory)
[proxy:0:1@r358.ib.bridges2.psc.edu] HYD_spawn (../../../../../src/pm/i_hydra/libhydra/spawn/intel/hydra_spawn.c:152): execvp error on file ./neko (No such file or directory)
[proxy:0:1@r358.ib.bridges2.psc.edu] HYD_spawn (../../../../../src/pm/i_hydra/libhydra/spawn/intel/hydra_spawn.c:152): execvp error on file ./neko (No such file or directory)
[proxy:0:1@r358.ib.bridges2.psc.edu] HYD_spawn (../../../../../src/pm/i_hydra/libhydra/spawn/intel/hydra_spawn.c:152): execvp error on file ./neko (No such file or directory)
[proxy:0:1@r358.ib.bridges2.psc.edu] HYD_spawn (../../../../../src/pm/i_hydra/libhydra/spawn/intel/hydra_spawn.c:152): execvp error on file ./neko (No such file or directory)
[proxy:0:1@r358.ib.bridges2.psc.edu] HYD_spawn (../../../../../src/pm/i_hydra/libhydra/spawn/intel/hydra_spawn.c:152): execvp error on file ./neko (No such file or directory)
[proxy:0:1@r358.ib.bridges2.psc.edu] HYD_spawn (../../../../../src/pm/i_hydra/libhydra/spawn/intel/hydra_spawn.c:152): execvp error on file ./neko (No such file or directory)
[proxy:0:1@r358.ib.bridges2.psc.edu] HYD_spawn (../../../../../src/pm/i_hydra/libhydra/spawn/intel/hydra_spawn.c:152): execvp error on file ./neko (No such file or directory)
[proxy:0:1@r358.ib.bridges2.psc.edu] HYD_spawn (../../../../../src/pm/i_hydra/libhydra/spawn/intel/hydra_spawn.c:152): execvp error on file ./neko (No such file or directory)
[proxy:0:1@r358.ib.bridges2.psc.edu] HYD_spawn (../../../../../src/pm/i_hydra/libhydra/spawn/intel/hydra_spawn.c:152): execvp error on file ./neko (No such file or directory)
[proxy:0:1@r358.ib.bridges2.psc.edu] HYD_spawn (../../../../../src/pm/i_hydra/libhydra/spawn/intel/hydra_spawn.c:152): execvp error on file ./neko (No such file or directory)
[proxy:0:1@r358.ib.bridges2.psc.edu] HYD_spawn (../../../../../src/pm/i_hydra/libhydra/spawn/intel/hydra_spawn.c:152): execvp error on file ./neko (No such file or directory)
[proxy:0:1@r358.ib.bridges2.psc.edu] HYD_spawn (../../../../../src/pm/i_hydra/libhydra/spawn/intel/hydra_spawn.c:152): execvp error on file ./neko (No such file or directory)
[proxy:0:1@r358.ib.bridges2.psc.edu] HYD_spawn (../../../../../src/pm/i_hydra/libhydra/spawn/intel/hydra_spawn.c:152): execvp error on file ./neko (No such file or directory)
[proxy:0:1@r358.ib.bridges2.psc.edu] HYD_spawn (../../../../../src/pm/i_hydra/libhydra/spawn/intel/hydra_spawn.c:152): execvp error on file ./neko (No such file or directory)
[proxy:0:1@r358.ib.bridges2.psc.edu] HYD_spawn (../../../../../src/pm/i_hydra/libhydra/spawn/intel/hydra_spawn.c:152): execvp error on file ./neko (No such file or directory)
[proxy:0:1@r358.ib.bridges2.psc.edu] HYD_spawn (../../../../../src/pm/i_hydra/libhydra/spawn/intel/hydra_spawn.c:152): execvp error on file ./neko (No such file or directory)
[proxy:0:1@r358.ib.bridges2.psc.edu] HYD_spawn (../../../../../src/pm/i_hydra/libhydra/spawn/intel/hydra_spawn.c:152): execvp error on file ./neko (No such file or directory)
[proxy:0:1@r358.ib.bridges2.psc.edu] HYD_spawn (../../../../../src/pm/i_hydra/libhydra/spawn/intel/hydra_spawn.c:152): execvp error on file ./neko (No such file or directory)
[proxy:0:1@r358.ib.bridges2.psc.edu] HYD_spawn (../../../../../src/pm/i_hydra/libhydra/spawn/intel/hydra_spawn.c:152): execvp error on file ./neko (No such file or directory)
[proxy:0:1@r358.ib.bridges2.psc.edu] HYD_spawn (../../../../../src/pm/i_hydra/libhydra/spawn/intel/hydra_spawn.c:152): execvp error on file ./neko (No such file or directory)
[proxy:0:1@r358.ib.bridges2.psc.edu] HYD_spawn (../../../../../src/pm/i_hydra/libhydra/spawn/intel/hydra_spawn.c:152): execvp error on file ./neko (No such file or directory)
[proxy:0:1@r358.ib.bridges2.psc.edu] HYD_spawn (../../../../../src/pm/i_hydra/libhydra/spawn/intel/hydra_spawn.c:152): execvp error on file ./neko (No such file or directory)
[proxy:0:1@r358.ib.bridges2.psc.edu] HYD_spawn (../../../../../src/pm/i_hydra/libhydra/spawn/intel/hydra_spawn.c:152): execvp error on file ./neko (No such file or directory)
[proxy:0:1@r358.ib.bridges2.psc.edu] HYD_spawn (../../../../../src/pm/i_hydra/libhydra/spawn/intel/hydra_spawn.c:152): execvp error on file ./neko (No such file or directory)
[proxy:0:1@r358.ib.bridges2.psc.edu] HYD_spawn (../../../../../src/pm/i_hydra/libhydra/spawn/intel/hydra_spawn.c:152): execvp error on file ./neko (No such file or directory)
[proxy:0:1@r358.ib.bridges2.psc.edu] HYD_spawn (../../../../../src/pm/i_hydra/libhydra/spawn/intel/hydra_spawn.c:152): execvp error on file ./neko (No such file or directory)
[proxy:0:1@r358.ib.bridges2.psc.edu] HYD_spawn (../../../../../src/pm/i_hydra/libhydra/spawn/intel/hydra_spawn.c:152): execvp error on file ./neko (No such file or directory)
[proxy:0:1@r358.ib.bridges2.psc.edu] HYD_spawn (../../../../../src/pm/i_hydra/libhydra/spawn/intel/hydra_spawn.c:152): execvp error on file ./neko (No such file or directory)
[proxy:0:1@r358.ib.bridges2.psc.edu] HYD_spawn (../../../../../src/pm/i_hydra/libhydra/spawn/intel/hydra_spawn.c:152): execvp error on file ./neko (No such file or directory)
[proxy:0:1@r358.ib.bridges2.psc.edu] HYD_spawn (../../../../../src/pm/i_hydra/libhydra/spawn/intel/hydra_spawn.c:152): execvp error on file ./neko (No such file or directory)
[proxy:0:1@r358.ib.bridges2.psc.edu] HYD_spawn (../../../../../src/pm/i_hydra/libhydra/spawn/intel/hydra_spawn.c:152): execvp error on file ./neko (No such file or directory)
[proxy:0:1@r358.ib.bridges2.psc.edu] HYD_spawn (../../../../../src/pm/i_hydra/libhydra/spawn/intel/hydra_spawn.c:152): execvp error on file ./neko (No such file or directory)
[proxy:0:1@r358.ib.bridges2.psc.edu] HYD_spawn (../../../../../src/pm/i_hydra/libhydra/spawn/intel/hydra_spawn.c:152): execvp error on file ./neko (No such file or directory)
[proxy:0:1@r358.ib.bridges2.psc.edu] HYD_spawn (../../../../../src/pm/i_hydra/libhydra/spawn/intel/hydra_spawn.c:152): execvp error on file ./neko (No such file or directory)
[proxy:0:1@r358.ib.bridges2.psc.edu] HYD_spawn (../../../../../src/pm/i_hydra/libhydra/spawn/intel/hydra_spawn.c:152): execvp error on file ./neko (No such file or directory)
[proxy:0:1@r358.ib.bridges2.psc.edu] HYD_spawn (../../../../../src/pm/i_hydra/libhydra/spawn/intel/hydra_spawn.c:152): execvp error on file ./neko (No such file or directory)
[proxy:0:1@r358.ib.bridges2.psc.edu] HYD_spawn (../../../../../src/pm/i_hydra/libhydra/spawn/intel/hydra_spawn.c:152): execvp error on file ./neko (No such file or directory)
[proxy:0:1@r358.ib.bridges2.psc.edu] HYD_spawn (../../../../../src/pm/i_hydra/libhydra/spawn/intel/hydra_spawn.c:152): execvp error on file ./neko (No such file or directory)
[proxy:0:1@r358.ib.bridges2.psc.edu] HYD_spawn (../../../../../src/pm/i_hydra/libhydra/spawn/intel/hydra_spawn.c:152): execvp error on file ./neko (No such file or directory)
[mpiexec@r341.ib.bridges2.psc.edu] HYD_sock_write (../../../../../src/pm/i_hydra/libhydra/sock/hydra_sock_intel.c:362): write error (Bad file descriptor)
[mpiexec@r341.ib.bridges2.psc.edu] cmd_bcast_root (../../../../../src/pm/i_hydra/mpiexec/mpiexec.c:195): error sending cmd 9 to proxy
[mpiexec@r341.ib.bridges2.psc.edu] send_signal_downstream (../../../../../src/pm/i_hydra/mpiexec/intel/i_mpiexec.c:584): unable to send response downstream
[mpiexec@r341.ib.bridges2.psc.edu] control_cb (../../../../../src/pm/i_hydra/mpiexec/mpiexec.c:1757): unable to send signal to downstreams
[mpiexec@r341.ib.bridges2.psc.edu] HYDI_dmx_poll_wait_for_event (../../../../../src/pm/i_hydra/libhydra/demux/hydra_demux_poll.c:80): callback returned error status
[mpiexec@r341.ib.bridges2.psc.edu] main (../../../../../src/pm/i_hydra/mpiexec/mpiexec.c:2196): error waiting for event
